<?xml version="1.0" encoding="UTF-8"?>
<!-- Generated by org.testng.reporters.JUnitReportReporter -->
<testsuite hostname="DESKTOP-T0GPNL0" failures="0" tests="6" name="excel.ExcelData" time="0.013" errors="0" timestamp="2024-07-05T20:20:35 IST" skipped="0">
  <testcase classname="excel.ExcelData" name="test_place" time="0.002"/>
  <testcase classname="excel.ExcelData" name="test_place" time="0.001"/>
  <testcase classname="excel.ExcelData" name="test_place" time="0.002"/>
  <testcase classname="excel.ExcelData" name="test_place" time="0.001"/>
  <testcase classname="excel.ExcelData" name="test_place" time="0.001"/>
  <testcase classname="excel.ExcelData" name="test_place" time="0.006"/>
</testsuite> <!-- excel.ExcelData -->
