<?xml version="1.0" encoding="UTF-8"?>
<!-- Generated by org.testng.reporters.JUnitReportReporter -->
<testsuite hostname="DESKTOP-T0GPNL0" failures="0" tests="1" name="testNgPractice.TestThree" time="7.753" errors="0" timestamp="2024-07-08T19:25:48 IST" skipped="0">
  <testcase classname="testNgPractice.TestThree" name="doSteps" time="7.753"/>
</testsuite> <!-- testNgPractice.TestThree -->
