<?xml version="1.0" encoding="UTF-8"?>
<!-- Generated by org.testng.reporters.JUnitReportReporter -->
<testsuite hostname="DESKTOP-T0GPNL0" failures="0" tests="2" name="testNgPractice.Parallel" time="12.161" errors="0" timestamp="2024-05-24T12:41:27 IST" skipped="0">
  <testcase classname="testNgPractice.Parallel" name="googleFirefox" time="6.489"/>
  <testcase classname="testNgPractice.Parallel" name="googleChrome" time="5.672"/>
</testsuite> <!-- testNgPractice.Parallel -->
