<?xml version="1.0" encoding="UTF-8"?>
<!-- Generated by org.testng.reporters.JUnitReportReporter -->
<testsuite hostname="DESKTOP-T0GPNL0" failures="0" tests="1" name="excel.TestData" time="0.006" errors="0" timestamp="2024-07-05T20:07:19 IST" skipped="0">
  <testcase classname="excel.TestData" name="test_Case" time="0.006"/>
</testsuite> <!-- excel.TestData -->
