<?xml version="1.0" encoding="UTF-8"?>
<!-- Generated by org.testng.reporters.JUnitReportReporter -->
<testsuite hostname="DESKTOP-T0GPNL0" failures="0" tests="2" name="testNgPractice.TestFour" time="0.006" errors="0" timestamp="2024-07-08T19:36:17 IST" skipped="0">
  <testcase classname="testNgPractice.TestFour" name="test_3" time="0.001"/>
  <testcase classname="testNgPractice.TestFour" name="test_" time="0.005"/>
</testsuite> <!-- testNgPractice.TestFour -->
