<?xml version="1.0" encoding="UTF-8"?>
<!-- Generated by org.testng.reporters.JUnitReportReporter -->
<testsuite hostname="DESKTOP-T0GPNL0" failures="0" tests="1" name="table.AmazonPriceSort" time="10.703" errors="0" timestamp="2024-07-12T13:04:27 IST" skipped="0">
  <testcase classname="table.AmazonPriceSort" name="amazon" time="10.703"/>
</testsuite> <!-- table.AmazonPriceSort -->
