<?xml version="1.0" encoding="UTF-8"?>
<!-- Generated by org.testng.reporters.JUnitReportReporter -->
<testsuite hostname="DESKTOP-T0GPNL0" failures="0" tests="1" name="testNgPractice.TestTwo" time="21.974" errors="0" timestamp="2024-07-08T19:34:22 IST" skipped="0">
  <testcase classname="testNgPractice.TestTwo" name="doSteps" time="21.974"/>
</testsuite> <!-- testNgPractice.TestTwo -->
