<?xml version="1.0" encoding="UTF-8"?>
<!-- Generated by org.testng.reporters.JUnitReportReporter -->
<testsuite hostname="DESKTOP-T0GPNL0" failures="0" tests="1" name="interviewexcelpractice.TestData" time="2.836" errors="0" timestamp="2024-05-17T10:54:21 IST" skipped="0">
  <testcase classname="interviewexcelpractice.TestData" name="setTest" time="2.836"/>
</testsuite> <!-- interviewexcelpractice.TestData -->
