<?xml version="1.0" encoding="UTF-8"?>
<!-- Generated by org.testng.reporters.JUnitReportReporter -->
<testsuite hostname="DESKTOP-T0GPNL0" failures="0" tests="1" name="testNgPractice.TestFive" time="0.009" errors="0" timestamp="2024-07-08T19:47:51 IST" skipped="0">
  <testcase classname="testNgPractice.TestFive" name="test_2" time="0.009"/>
</testsuite> <!-- testNgPractice.TestFive -->
