<?xml version="1.0" encoding="UTF-8"?>
<!-- Generated by org.testng.reporters.JUnitReportReporter -->
<testsuite hostname="DESKTOP-T0GPNL0" failures="0" tests="1" name="testNgPractice.TestOne" time="6.920" errors="0" timestamp="2024-07-08T19:11:07 IST" skipped="0">
  <testcase classname="testNgPractice.TestOne" name="doSteps" time="6.920"/>
</testsuite> <!-- testNgPractice.TestOne -->
